<?xml version="1.0" encoding="UTF-8"?>
<!-- Generated by org.testng.reporters.JUnitXMLReporter -->
<testsuite ignored="0" hostname="LAPTOP-5KMFOFH9" failures="0" tests="6" name="Default test" time="10.586" errors="0" timestamp="2025-04-14T22:34:19 IST">
  <testcase classname="com.ApiBasicRequest.APIChainingForRestBooker" name="createNewBooking" time="5.241"/>
  <testcase classname="com.ApiBasicRequest.APIChainingForRestBooker" name="getBookingDetailsForRegisterUser" time="1.071"/>
  <testcase classname="com.ApiBasicRequest.APIChainingForRestBooker" name="createToken" time="1.047"/>
  <testcase classname="com.ApiBasicRequest.APIChainingForRestBooker" name="testFullUpadateForBooking" time="1.063"/>
  <testcase classname="com.ApiBasicRequest.APIChainingForRestBooker" name="partialUpdate" time="1.035"/>
  <testcase classname="com.ApiBasicRequest.APIChainingForRestBooker" name="deleteBooking" time="1.036"/>
</testsuite> <!-- Default test -->
