<?xml version="1.0" encoding="UTF-8"?>
<!-- Generated by org.testng.reporters.JUnitXMLReporter -->
<testsuite ignored="0" hostname="LAPTOP-5KMFOFH9" failures="0" tests="4" name="Default test" time="0.132" errors="0" timestamp="2025-03-17T22:26:29 IST">
  <testcase classname="com.TestNG.BasicScenario.TestDemo2_invocationCount" name="registerTest" time="0.018"/>
  <testcase classname="com.TestNG.BasicScenario.TestDemo2_invocationCount" name="loginTest" time="0.002"/>
  <testcase classname="com.TestNG.BasicScenario.TestDemo2_invocationCount" name="loginTest" time="0.003"/>
  <testcase classname="com.TestNG.BasicScenario.TestDemo2_invocationCount" name="loginTest" time="0.004"/>
</testsuite> <!-- Default test -->
