<?xml version="1.0" encoding="UTF-8"?>
<!-- Generated by org.testng.reporters.JUnitXMLReporter -->
<testsuite ignored="0" hostname="LAPTOP-5KMFOFH9" failures="0" tests="6" name="Test3" time="30.001" errors="0" timestamp="2025-03-24T21:55:03 IST">
  <testcase classname="com.WebTesting.SwagLab.TestCases.T1_LoginPage" name="validateUrl" time="0.034"/>
  <testcase classname="com.WebTesting.SwagLab.TestCases.T2_InventoryPage" name="verifyProductCount" time="0.015"/>
  <testcase classname="com.WebTesting.SwagLab.TestCases.T1_LoginPage" name="validateLogin" time="0.604"/>
  <testcase classname="com.WebTesting.SwagLab.TestCases.T2_InventoryPage" name="verifyProductDetails" time="0.069"/>
  <testcase classname="com.WebTesting.SwagLab.TestCases.T2_InventoryPage" name="validateAddToCartFeature" time="0.514"/>
  <testcase classname="com.WebTesting.SwagLab.TestCases.T2_InventoryPage" name="verifyCartPageLaunch" time="0.23"/>
</testsuite> <!-- Test3 -->
