<?xml version="1.0" encoding="UTF-8"?>
<!-- Generated by org.testng.reporters.JUnitXMLReporter -->
<testsuite ignored="0" hostname="LAPTOP-5KMFOFH9" failures="0" tests="6" name="Test2" time="23.572" errors="0" timestamp="2025-03-24T21:54:56 IST">
  <testcase classname="com.WebTesting.SwagLab.TestCases.T1_LoginPage" name="validateUrl" time="0.08"/>
  <testcase classname="com.WebTesting.SwagLab.TestCases.T2_InventoryPage" name="verifyProductCount" time="0.056"/>
  <testcase classname="com.WebTesting.SwagLab.TestCases.T1_LoginPage" name="validateLogin" time="0.717"/>
  <testcase classname="com.WebTesting.SwagLab.TestCases.T2_InventoryPage" name="verifyProductDetails" time="0.143"/>
  <testcase classname="com.WebTesting.SwagLab.TestCases.T2_InventoryPage" name="validateAddToCartFeature" time="0.493"/>
  <testcase classname="com.WebTesting.SwagLab.TestCases.T2_InventoryPage" name="verifyCartPageLaunch" time="0.178"/>
</testsuite> <!-- Test2 -->
