<?xml version="1.0" encoding="UTF-8"?>
<!-- Generated by org.testng.reporters.JUnitXMLReporter -->
<testsuite ignored="0" hostname="LAPTOP-5KMFOFH9" failures="0" tests="4" name="Test3" time="0.021" errors="0" timestamp="2025-03-20T20:46:45 IST">
  <testcase classname="com.TestNG.Annotations.ClassA" name="testCaseA1" time="0.001"/>
  <testcase classname="com.TestNG.Annotations.ClassA" name="testCaseA2" time="0.002"/>
  <testcase classname="com.TestNG.Annotations.ClassB" name="testCaseB1" time="0.001"/>
  <testcase classname="com.TestNG.Annotations.ClassB" name="testCaseB2" time="0.002"/>
</testsuite> <!-- Test3 -->
