<?xml version="1.0" encoding="UTF-8"?>
<!-- Generated by org.testng.reporters.JUnitXMLReporter -->
<testsuite ignored="0" hostname="LAPTOP-5KMFOFH9" failures="0" tests="5" name="Test" time="67.991" errors="0" timestamp="2025-04-15T21:54:26 IST">
  <testcase classname="com.TestMobileElementScenarios.TestLongclickGesture" name="testGesture" time="17.203"/>
  <testcase classname="com.TestMobileElementScenarios.TestDragGesture" name="testDragGesture" time="14.343"/>
  <testcase classname="com.TestMobileElementScenarios.TestScrollGesture" name="testGesture" time="11.42"/>
  <testcase classname="com.TestMobileElementScenarios.TestSwipeGesture" name="testGesture" time="15.225"/>
  <testcase classname="com.TestMobileElementScenarios.TestingclickGesture" name="testClickGesture" time="9.692"/>
</testsuite> <!-- Test -->
