<?xml version="1.0" encoding="UTF-8"?>
<testng-results ignored="0" total="2" passed="2" failed="0" skipped="0">
  <reporter-output>
  </reporter-output>
  <suite started-at="2025-03-18T22:31:24 IST" name="Default suite" finished-at="2025-03-18T22:31:31 IST" duration-ms="7527">
    <groups>
    </groups>
    <test started-at="2025-03-18T22:31:24 IST" name="Default test" finished-at="2025-03-18T22:31:31 IST" duration-ms="7527">
      <class name="com.TestNG.Annotations.AnnotationRealUseCase">
        <test-method is-config="true" signature="setUp()[pri:0, instance:com.TestNG.Annotations.AnnotationRealUseCase@2c1b194a]" started-at="2025-03-18T22:31:24 IST" name="setUp" finished-at="2025-03-18T22:31:28 IST" duration-ms="4611" status="PASS">
          <reporter-output>
          </reporter-output>
        </test-method> <!-- setUp -->
        <test-method is-config="true" signature="getUrl()[pri:0, instance:com.TestNG.Annotations.AnnotationRealUseCase@2c1b194a]" started-at="2025-03-18T22:31:28 IST" name="getUrl" finished-at="2025-03-18T22:31:28 IST" duration-ms="12" status="PASS">
          <reporter-output>
          </reporter-output>
        </test-method> <!-- getUrl -->
        <test-method signature="tetsLogin()[pri:1, instance:com.TestNG.Annotations.AnnotationRealUseCase@2c1b194a]" started-at="2025-03-18T22:31:28 IST" name="tetsLogin" finished-at="2025-03-18T22:31:30 IST" duration-ms="1609" status="PASS">
          <reporter-output>
          </reporter-output>
        </test-method> <!-- tetsLogin -->
        <test-method is-config="true" signature="getAppTitle()[pri:0, instance:com.TestNG.Annotations.AnnotationRealUseCase@2c1b194a]" started-at="2025-03-18T22:31:30 IST" name="getAppTitle" finished-at="2025-03-18T22:31:30 IST" duration-ms="25" status="PASS">
          <reporter-output>
          </reporter-output>
        </test-method> <!-- getAppTitle -->
        <test-method is-config="true" signature="getUrl()[pri:0, instance:com.TestNG.Annotations.AnnotationRealUseCase@2c1b194a]" started-at="2025-03-18T22:31:30 IST" name="getUrl" finished-at="2025-03-18T22:31:30 IST" duration-ms="17" status="PASS">
          <reporter-output>
          </reporter-output>
        </test-method> <!-- getUrl -->
        <test-method signature="testLogout()[pri:2, instance:com.TestNG.Annotations.AnnotationRealUseCase@2c1b194a]" started-at="2025-03-18T22:31:30 IST" name="testLogout" finished-at="2025-03-18T22:31:31 IST" duration-ms="728" status="PASS">
          <reporter-output>
          </reporter-output>
        </test-method> <!-- testLogout -->
        <test-method is-config="true" signature="getAppTitle()[pri:0, instance:com.TestNG.Annotations.AnnotationRealUseCase@2c1b194a]" started-at="2025-03-18T22:31:31 IST" name="getAppTitle" finished-at="2025-03-18T22:31:31 IST" duration-ms="18" status="PASS">
          <reporter-output>
          </reporter-output>
        </test-method> <!-- getAppTitle -->
        <test-method is-config="true" signature="tearDown()[pri:0, instance:com.TestNG.Annotations.AnnotationRealUseCase@2c1b194a]" started-at="2025-03-18T22:31:31 IST" name="tearDown" finished-at="2025-03-18T22:31:31 IST" duration-ms="440" status="PASS">
          <reporter-output>
          </reporter-output>
        </test-method> <!-- tearDown -->
      </class> <!-- com.TestNG.Annotations.AnnotationRealUseCase -->
    </test> <!-- Default test -->
  </suite> <!-- Default suite -->
</testng-results>
