<?xml version="1.0" encoding="UTF-8"?>
<testng-results ignored="1" total="2" passed="1" failed="0" skipped="0">
  <reporter-output>
  </reporter-output>
  <suite started-at="2025-04-08T21:37:00 IST" name="Default suite" finished-at="2025-04-08T21:37:04 IST" duration-ms="3846">
    <groups>
    </groups>
    <test started-at="2025-04-08T21:37:00 IST" name="Default test" finished-at="2025-04-08T21:37:04 IST" duration-ms="3846">
      <class name="com.Assignments.Assignment1">
        <test-method signature="addNewPet()[pri:0, instance:com.Assignments.Assignment1@f5ac9e4]" started-at="2025-04-08T21:37:00 IST" name="addNewPet" finished-at="2025-04-08T21:37:04 IST" duration-ms="3791" status="PASS">
          <reporter-output>
          </reporter-output>
        </test-method> <!-- addNewPet -->
      </class> <!-- com.Assignments.Assignment1 -->
    </test> <!-- Default test -->
  </suite> <!-- Default suite -->
</testng-results>
