<?xml version="1.0" encoding="UTF-8"?>
<!-- Generated by org.testng.reporters.JUnitReportReporter -->
<testsuite hostname="LAPTOP-5KMFOFH9" failures="0" tests="5" name="com.ApiBasicRequest.APIChainingForRestBooker" time="10.483" errors="0" timestamp="2025-04-07T21:32:13 IST" skipped="0">
  <testcase classname="com.ApiBasicRequest.APIChainingForRestBooker" name="createNewBooking" time="5.652"/>
  <system-out/>
  <testcase classname="com.ApiBasicRequest.APIChainingForRestBooker" name="getBookingDetailsForRegisterUser" time="1.248"/>
  <system-out/>
  <testcase classname="com.ApiBasicRequest.APIChainingForRestBooker" name="createToken" time="1.234"/>
  <system-out/>
  <testcase classname="com.ApiBasicRequest.APIChainingForRestBooker" name="testFullUpadateForBooking" time="1.180"/>
  <system-out/>
  <testcase classname="com.ApiBasicRequest.APIChainingForRestBooker" name="deleteBooking" time="1.169"/>
  <system-out/>
</testsuite> <!-- com.ApiBasicRequest.APIChainingForRestBooker -->
