<?xml version="1.0" encoding="UTF-8"?>
<!-- Generated by org.testng.reporters.JUnitReportReporter -->
<testsuite hostname="LAPTOP-5KMFOFH9" failures="0" tests="2" name="com.ApiBasicRequest.GetRequestWithBDD" time="0.386" errors="0" timestamp="2025-04-08T21:21:11 IST" skipped="0">
  <testcase classname="com.ApiBasicRequest.GetRequestWithBDD" name="testSingleUser" time="0.237"/>
  <system-out/>
  <testcase classname="com.ApiBasicRequest.GetRequestWithBDD" name="testlistofUsers" time="0.149"/>
  <system-out/>
</testsuite> <!-- com.ApiBasicRequest.GetRequestWithBDD -->
