<?xml version="1.0" encoding="UTF-8"?>
<!-- Generated by org.testng.reporters.JUnitReportReporter -->
<testsuite hostname="LAPTOP-5KMFOFH9" failures="0" tests="1" name="com.DriverSessions.DriverSessionUsingDesiredCapabilities" time="20.176" errors="0" timestamp="2025-04-10T22:37:15 IST" skipped="0">
  <testcase classname="com.DriverSessions.DriverSessionUsingDesiredCapabilities" name="testDriverSession" time="20.176"/>
  <system-out/>
</testsuite> <!-- com.DriverSessions.DriverSessionUsingDesiredCapabilities -->
