<?xml version="1.0" encoding="UTF-8"?>
<!-- Generated by org.testng.reporters.JUnitReportReporter -->
<testsuite hostname="LAPTOP-5KMFOFH9" failures="0" tests="1" name="com.DriverSessions.CreateSessionWithUiAutomatior2OptionsClass" time="10.584" errors="0" timestamp="2025-04-15T21:58:49 IST" skipped="0">
  <testcase classname="com.DriverSessions.CreateSessionWithUiAutomatior2OptionsClass" name="testDriverSession" time="10.584"/>
  <system-out/>
</testsuite> <!-- com.DriverSessions.CreateSessionWithUiAutomatior2OptionsClass -->
