<?xml version="1.0" encoding="UTF-8"?>
<!-- Generated by org.testng.reporters.JUnitReportReporter -->
<testsuite hostname="LAPTOP-5KMFOFH9" failures="0" tests="3" name="com.ApiBasicRequest.PostRequestUsingAllTechniques" time="3.322" errors="0" timestamp="2025-04-08T21:21:11 IST" skipped="0">
  <testcase classname="com.ApiBasicRequest.PostRequestUsingAllTechniques" name="basicPatternForPostRequest" time="1.145"/>
  <system-out/>
  <testcase classname="com.ApiBasicRequest.PostRequestUsingAllTechniques" name="postrequestUsingPOJO" time="1.071"/>
  <system-out/>
  <testcase classname="com.ApiBasicRequest.PostRequestUsingAllTechniques" name="postUsingHashMap" time="1.106"/>
  <system-out/>
</testsuite> <!-- com.ApiBasicRequest.PostRequestUsingAllTechniques -->
