<?xml version="1.0" encoding="UTF-8"?>
<!-- Generated by org.testng.reporters.JUnitReportReporter -->
<testsuite hostname="LAPTOP-5KMFOFH9" failures="0" tests="1" name="com.DriverSessions.CreateSessionWithUiAutomatior2OptionsClass" time="8.921" errors="0" timestamp="2025-04-11T20:47:56 IST" skipped="0">
  <testcase classname="com.DriverSessions.CreateSessionWithUiAutomatior2OptionsClass" name="testDriverSession" time="8.921"/>
  <system-out/>
</testsuite> <!-- com.DriverSessions.CreateSessionWithUiAutomatior2OptionsClass -->
