<?xml version="1.0" encoding="UTF-8"?>
<!-- Generated by org.testng.reporters.JUnitReportReporter -->
<testsuite hostname="LAPTOP-5KMFOFH9" failures="0" tests="1" name="com.DriverSessions.DriverSessionUsingDesiredCapabilities" time="20.992" errors="0" timestamp="2025-04-11T20:35:06 IST" skipped="0">
  <testcase classname="com.DriverSessions.DriverSessionUsingDesiredCapabilities" name="testDriverSession" time="20.992"/>
  <system-out/>
</testsuite> <!-- com.DriverSessions.DriverSessionUsingDesiredCapabilities -->
