<?xml version="1.0" encoding="UTF-8"?>
<!-- Generated by org.testng.reporters.JUnitReportReporter -->
<testsuite hostname="LAPTOP-5KMFOFH9" failures="0" tests="2" name="com.ApiBasicRequest.TestSerializationDeserialization" time="0.044" errors="0" timestamp="2025-04-08T21:21:11 IST" skipped="0">
  <testcase classname="com.ApiBasicRequest.TestSerializationDeserialization" name="testDeserialization" time="0.039"/>
  <system-out/>
  <testcase classname="com.ApiBasicRequest.TestSerializationDeserialization" name="testSerialization" time="0.005"/>
  <system-out/>
</testsuite> <!-- com.ApiBasicRequest.TestSerializationDeserialization -->
