<?xml version="1.0" encoding="UTF-8"?>
<!-- Generated by org.testng.reporters.JUnitReportReporter -->
<testsuite hostname="LAPTOP-5KMFOFH9" failures="0" tests="5" name="com.ApiBasicRequest.APIChainingForRestBooker" time="6.187" errors="0" timestamp="2025-04-08T21:21:11 IST" skipped="0">
  <testcase classname="com.ApiBasicRequest.APIChainingForRestBooker" name="createNewBooking" time="1.731"/>
  <system-out/>
  <testcase classname="com.ApiBasicRequest.APIChainingForRestBooker" name="getBookingDetailsForRegisterUser" time="1.100"/>
  <system-out/>
  <testcase classname="com.ApiBasicRequest.APIChainingForRestBooker" name="createToken" time="1.128"/>
  <system-out/>
  <testcase classname="com.ApiBasicRequest.APIChainingForRestBooker" name="testFullUpadateForBooking" time="1.085"/>
  <system-out/>
  <testcase classname="com.ApiBasicRequest.APIChainingForRestBooker" name="deleteBooking" time="1.143"/>
  <system-out/>
</testsuite> <!-- com.ApiBasicRequest.APIChainingForRestBooker -->
