<?xml version="1.0" encoding="UTF-8"?>
<!-- Generated by org.testng.reporters.JUnitReportReporter -->
<testsuite hostname="LAPTOP-5KMFOFH9" failures="0" tests="2" name="com.ApiBasicRequest.ValidateServerResponse" time="3.412" errors="0" timestamp="2025-04-04T21:55:53 IST" skipped="1">
  <testcase classname="com.ApiBasicRequest.ValidateServerResponse" name="testListOfUserRequest" time="3.412"/>
  <system-out/>
  <testcase classname="com.ApiBasicRequest.ValidateServerResponse" name="testSingleUserResponse">
    <skipped/>
  </testcase> <!-- testSingleUserResponse -->
  <system-out/>
</testsuite> <!-- com.ApiBasicRequest.ValidateServerResponse -->
