<?xml version="1.0" encoding="UTF-8"?>
<!-- Generated by org.testng.reporters.JUnitReportReporter -->
<testsuite hostname="LAPTOP-5KMFOFH9" failures="0" tests="4" name="com.ApiBasicRequest.AuthenticationTest" time="7.903" errors="0" timestamp="2025-04-08T21:21:11 IST" skipped="0">
  <testcase classname="com.ApiBasicRequest.AuthenticationTest" name="oAuth2Request" time="2.635"/>
  <system-out/>
  <testcase classname="com.ApiBasicRequest.AuthenticationTest" name="testBearerToken" time="2.353"/>
  <system-out/>
  <testcase classname="com.ApiBasicRequest.AuthenticationTest" name="testBasicAuthentication" time="1.444"/>
  <system-out/>
  <testcase classname="com.ApiBasicRequest.AuthenticationTest" name="testDigestAuth" time="1.471"/>
  <system-out/>
</testsuite> <!-- com.ApiBasicRequest.AuthenticationTest -->
