<?xml version="1.0" encoding="UTF-8"?>
<!-- Generated by org.testng.reporters.JUnitReportReporter -->
<testsuite hostname="LAPTOP-5KMFOFH9" failures="0" tests="1" name="com.TestMobileElementScenarios.AutomateAlertsInMobileApp" time="18.040" errors="0" timestamp="2025-04-14T21:45:48 IST" skipped="0">
  <testcase classname="com.TestMobileElementScenarios.AutomateAlertsInMobileApp" name="testAlert" time="18.040"/>
  <system-out/>
</testsuite> <!-- com.TestMobileElementScenarios.AutomateAlertsInMobileApp -->
