<?xml version="1.0" encoding="UTF-8"?>
<!-- Generated by org.testng.reporters.JUnitReportReporter -->
<testsuite hostname="LAPTOP-5KMFOFH9" failures="0" tests="2" name="com.ApiBasicRequest.TestHeadersAndCookies" time="2.691" errors="0" timestamp="2025-04-08T21:21:11 IST" skipped="0">
  <testcase classname="com.ApiBasicRequest.TestHeadersAndCookies" name="testHeader" time="0.336"/>
  <system-out/>
  <testcase classname="com.ApiBasicRequest.TestHeadersAndCookies" name="testCookie" time="2.355"/>
  <system-out/>
</testsuite> <!-- com.ApiBasicRequest.TestHeadersAndCookies -->
